<?xml version="1.0" encoding="UTF-8"?>
<testsuite xmlns:xsi="http://www.w3.org/2001/XMLSchema-instance" xsi:noNamespaceSchemaLocation="https://maven.apache.org/surefire/maven-surefire-plugin/xsd/surefire-test-report.xsd" name="org.LoginWebsiteLogic.UserTest" time="0.063" tests="3" errors="0" skipped="0" failures="0">
  <properties>
[...]
</properties>
  <testcase name="UserPasswordTest" classname="org.LoginWebsiteLogic.UserTest" time="0.005"/>
  <testcase name="UserToStringTest" classname="org.LoginWebsiteLogic.UserTest" time="0"/>
  <testcase name="UserNameTest" classname="org.LoginWebsiteLogic.UserTest" time="0"/>
</testsuite>